
                            < M A T L A B (R) >
                  Copyright 1984-2019 The MathWorks, Inc.
              R2019b Update 3 (9.7.0.1261785) 64-bit (glnxa64)
                             November 27, 2019

 
To get started, type doc.
For product information, visit www.mathworks.com.
 

	Classroom License -- for classroom instructional use only.

Start Loading Data
Data loaded

fig = 

  Figure (1) with properties:

      Number: 1
        Name: ''
       Color: [0.9400 0.9400 0.9400]
    Position: [232 246 560 420]
       Units: 'pixels'

  Use GET to show all properties


fig = 

  1x2 Figure array:

    Figure    Figure

